<?xml version="1.0" encoding="UTF-8"?>
<beans xmlns="http://www.springframework.org/schema/beans"
       xmlns:xsi="http://www.w3.org/2001/XMLSchema-instance"
       xmlns:jpa="http://www.springframework.org/schema/data/jpa"
       xmlns:context="http://www.springframework.org/schema/context"
       xsi:schemaLocation="http://www.springframework.org/schema/beans
       http://www.springframework.org/schema/beans/spring-beans-4.0.xsd
       http://www.springframework.org/schema/context
       http://www.springframework.org/schema/context/spring-context-4.0.xsd
       http://www.springframework.org/schema/data/jpa
       http://www.springframework.org/schema/data/jpa/spring-jpa.xsd">

    <context:property-placeholder ignore-unresolvable="true" location="classpath:kea-default.properties" file-encoding="UTF-8"/>

    <!-- Enables @Autowired annotation -->
    <context:annotation-config />

    <!-- Looks for any annotated Spring beans -->
    <context:component-scan base-package="cz.kea.impl" />

    <jpa:repositories base-package="cz.kea.impl.repositories.**" />

</beans>
